<?xml version="1.0" encoding="UTF-8"?>
<!-- Generated by org.testng.reporters.JUnitXMLReporter -->
<testsuite ignored="0" hostname="DESKTOP-3268FUS" failures="0" tests="4" name="Default test" time="86.345" errors="0" timestamp="2023-06-13T16:54:08 EDT">
  <testcase classname="testLayer.SigninTest" name="Title" time="0.114"/>
  <testcase classname="testLayer.SigninTest" name="Signin" time="4.972"/>
  <testcase classname="testLayer.SigninTest" name="Signin" time="5.029"/>
  <testcase classname="testLayer.SigninTest" name="Signin" time="5.901"/>
</testsuite> <!-- Default test -->
