<?xml version="1.0" encoding="UTF-8"?>
<!-- Generated by org.testng.reporters.JUnitXMLReporter -->
<testsuite ignored="0" hostname="DESKTOP-3268FUS" failures="0" tests="4" name="Regression" time="72.312" errors="0" timestamp="2023-06-13T17:11:35 EDT">
  <testcase classname="testLayer.SigninTest" name="Title" time="0.04"/>
  <testcase classname="testLayer.SigninTest" name="Signin" time="4.75"/>
  <testcase classname="testLayer.SigninTest" name="Signin" time="4.213"/>
  <testcase classname="testLayer.SigninTest" name="Signin" time="4.538"/>
</testsuite> <!-- Regression -->
